{"uuid":"c97d99cd-bca7-4841-8cbf-75b9fd252512","historyId":"772d71afdc443cf7948dcf07a4567eb9","fullName":"com.saucedemo.tests.LogoutTest.testLogoutFunctionality","labels":[{"name":"package","value":"com.saucedemo.tests.LogoutTest"},{"name":"testClass","value":"com.saucedemo.tests.LogoutTest"},{"name":"testMethod","value":"testLogoutFunctionality"},{"name":"parentSuite","value":"Surefire suite"},{"name":"suite","value":"Surefire test"},{"name":"subSuite","value":"com.saucedemo.tests.LogoutTest"},{"name":"host","value":"EG1480NB"},{"name":"thread","value":"3400@EG1480NB.TestNG-test-Surefire test-3(43)"},{"name":"framework","value":"testng"},{"name":"language","value":"java"},{"name":"feature","value":"Logging Out"}],"links":[],"name":"testLogoutFunctionality","status":"broken","statusDetails":{"known":false,"muted":false,"flaky":false,"message":"Expected condition failed: waiting for element to be clickable: By.id: logout_sidebar_link (tried for 10 second(s) with 500 milliseconds interval)\nBuild info: version: '4.23.1', revision: '656257d8e9'\nSystem info: os.name: 'Windows 10', os.arch: 'amd64', os.version: '10.0', java.version: '21.0.2'\nDriver info: org.openqa.selenium.chrome.ChromeDriver\nCapabilities {acceptInsecureCerts: false, browserName: chrome, browserVersion: 127.0.6533.119, chrome: {chromedriverVersion: 127.0.6533.119 (bdef6783a05..., userDataDir: C:\\Users\\elbaika\\AppData\\Lo...}, fedcm:accounts: true, goog:chromeOptions: {debuggerAddress: localhost:57531}, networkConnectionEnabled: false, pageLoadStrategy: eager, platformName: windows, proxy: Proxy(), se:cdp: ws://localhost:57531/devtoo..., se:cdpVersion: 127.0.6533.119, setWindowRect: true, strictFileInteractability: false, timeouts: {implicit: 0, pageLoad: 300000, script: 30000}, unhandledPromptBehavior: ignore, webauthn:extension:credBlob: true, webauthn:extension:largeBlob: true, webauthn:extension:minPinLength: true, webauthn:extension:prf: true, webauthn:virtualAuthenticators: true}\nSession ID: 6b96af5984484c68571bbbc6f421db1b","trace":"org.openqa.selenium.TimeoutException: Expected condition failed: waiting for element to be clickable: By.id: logout_sidebar_link (tried for 10 second(s) with 500 milliseconds interval)\nBuild info: version: '4.23.1', revision: '656257d8e9'\nSystem info: os.name: 'Windows 10', os.arch: 'amd64', os.version: '10.0', java.version: '21.0.2'\nDriver info: org.openqa.selenium.chrome.ChromeDriver\nCapabilities {acceptInsecureCerts: false, browserName: chrome, browserVersion: 127.0.6533.119, chrome: {chromedriverVersion: 127.0.6533.119 (bdef6783a05..., userDataDir: C:\\Users\\elbaika\\AppData\\Lo...}, fedcm:accounts: true, goog:chromeOptions: {debuggerAddress: localhost:57531}, networkConnectionEnabled: false, pageLoadStrategy: eager, platformName: windows, proxy: Proxy(), se:cdp: ws://localhost:57531/devtoo..., se:cdpVersion: 127.0.6533.119, setWindowRect: true, strictFileInteractability: false, timeouts: {implicit: 0, pageLoad: 300000, script: 30000}, unhandledPromptBehavior: ignore, webauthn:extension:credBlob: true, webauthn:extension:largeBlob: true, webauthn:extension:minPinLength: true, webauthn:extension:prf: true, webauthn:virtualAuthenticators: true}\nSession ID: 6b96af5984484c68571bbbc6f421db1b\r\n\tat org.openqa.selenium.support.ui.WebDriverWait.timeoutException(WebDriverWait.java:84)\r\n\tat org.openqa.selenium.support.ui.FluentWait.until(FluentWait.java:228)\r\n\tat com.saucedemo.utils.WaitUtils.waitForElementClickable(WaitUtils.java:28)\r\n\tat com.saucedemo.pages.LogoutPage.clickLogoutLink(LogoutPage.java:25)\r\n\tat com.saucedemo.tests.LogoutTest.testLogoutFunctionality(LogoutTest.java:21)\r\n\tat java.base/jdk.internal.reflect.DirectMethodHandleAccessor.invoke(DirectMethodHandleAccessor.java:103)\r\n\tat java.base/java.lang.reflect.Method.invoke(Method.java:580)\r\n\tat org.testng.internal.invokers.MethodInvocationHelper.invokeMethod(MethodInvocationHelper.java:141)\r\n\tat org.testng.internal.invokers.TestInvoker.invokeMethod(TestInvoker.java:686)\r\n\tat org.testng.internal.invokers.TestInvoker.invokeTestMethod(TestInvoker.java:230)\r\n\tat org.testng.internal.invokers.MethodRunner.runInSequence(MethodRunner.java:63)\r\n\tat org.testng.internal.invokers.TestInvoker$MethodInvocationAgent.invoke(TestInvoker.java:992)\r\n\tat org.testng.internal.invokers.TestInvoker.invokeTestMethods(TestInvoker.java:203)\r\n\tat org.testng.internal.invokers.TestMethodWorker.invokeTestMethods(TestMethodWorker.java:154)\r\n\tat org.testng.internal.invokers.TestMethodWorker.run(TestMethodWorker.java:134)\r\n\tat java.base/java.util.concurrent.Executors$RunnableAdapter.call(Executors.java:572)\r\n\tat java.base/java.util.concurrent.FutureTask.run(FutureTask.java:317)\r\n\tat org.testng.internal.thread.graph.TestNGFutureTask.run(TestNGFutureTask.java:22)\r\n\tat java.base/java.util.concurrent.ThreadPoolExecutor.runWorker(ThreadPoolExecutor.java:1144)\r\n\tat java.base/java.util.concurrent.ThreadPoolExecutor$Worker.run(ThreadPoolExecutor.java:642)\r\n\tat java.base/java.lang.Thread.run(Thread.java:1583)\r\n"},"stage":"finished","description":"Testing Successful Logging Out Function","steps":[{"name":"Navigating directly to products page using auth cookies injection","status":"passed","stage":"finished","steps":[],"attachments":[],"parameters":[],"start":1723763346027,"stop":1723763347027},{"name":"Attempting clicking on menu button","status":"passed","stage":"finished","steps":[],"attachments":[],"parameters":[],"start":1723763347059,"stop":1723763347455},{"name":"Attempting clicking on logout button","status":"broken","statusDetails":{"known":false,"muted":false,"flaky":false,"message":"Expected condition failed: waiting for element to be clickable: By.id: logout_sidebar_link (tried for 10 second(s) with 500 milliseconds interval)\nBuild info: version: '4.23.1', revision: '656257d8e9'\nSystem info: os.name: 'Windows 10', os.arch: 'amd64', os.version: '10.0', java.version: '21.0.2'\nDriver info: org.openqa.selenium.chrome.ChromeDriver\nCapabilities {acceptInsecureCerts: false, browserName: chrome, browserVersion: 127.0.6533.119, chrome: {chromedriverVersion: 127.0.6533.119 (bdef6783a05..., userDataDir: C:\\Users\\elbaika\\AppData\\Lo...}, fedcm:accounts: true, goog:chromeOptions: {debuggerAddress: localhost:57531}, networkConnectionEnabled: false, pageLoadStrategy: eager, platformName: windows, proxy: Proxy(), se:cdp: ws://localhost:57531/devtoo..., se:cdpVersion: 127.0.6533.119, setWindowRect: true, strictFileInteractability: false, timeouts: {implicit: 0, pageLoad: 300000, script: 30000}, unhandledPromptBehavior: ignore, webauthn:extension:credBlob: true, webauthn:extension:largeBlob: true, webauthn:extension:minPinLength: true, webauthn:extension:prf: true, webauthn:virtualAuthenticators: true}\nSession ID: 6b96af5984484c68571bbbc6f421db1b","trace":"org.openqa.selenium.TimeoutException: Expected condition failed: waiting for element to be clickable: By.id: logout_sidebar_link (tried for 10 second(s) with 500 milliseconds interval)\nBuild info: version: '4.23.1', revision: '656257d8e9'\nSystem info: os.name: 'Windows 10', os.arch: 'amd64', os.version: '10.0', java.version: '21.0.2'\nDriver info: org.openqa.selenium.chrome.ChromeDriver\nCapabilities {acceptInsecureCerts: false, browserName: chrome, browserVersion: 127.0.6533.119, chrome: {chromedriverVersion: 127.0.6533.119 (bdef6783a05..., userDataDir: C:\\Users\\elbaika\\AppData\\Lo...}, fedcm:accounts: true, goog:chromeOptions: {debuggerAddress: localhost:57531}, networkConnectionEnabled: false, pageLoadStrategy: eager, platformName: windows, proxy: Proxy(), se:cdp: ws://localhost:57531/devtoo..., se:cdpVersion: 127.0.6533.119, setWindowRect: true, strictFileInteractability: false, timeouts: {implicit: 0, pageLoad: 300000, script: 30000}, unhandledPromptBehavior: ignore, webauthn:extension:credBlob: true, webauthn:extension:largeBlob: true, webauthn:extension:minPinLength: true, webauthn:extension:prf: true, webauthn:virtualAuthenticators: true}\nSession ID: 6b96af5984484c68571bbbc6f421db1b\r\n\tat org.openqa.selenium.support.ui.WebDriverWait.timeoutException(WebDriverWait.java:84)\r\n\tat org.openqa.selenium.support.ui.FluentWait.until(FluentWait.java:228)\r\n\tat com.saucedemo.utils.WaitUtils.waitForElementClickable(WaitUtils.java:28)\r\n\tat com.saucedemo.pages.LogoutPage.clickLogoutLink(LogoutPage.java:25)\r\n\tat com.saucedemo.tests.LogoutTest.testLogoutFunctionality(LogoutTest.java:21)\r\n\tat java.base/jdk.internal.reflect.DirectMethodHandleAccessor.invoke(DirectMethodHandleAccessor.java:103)\r\n\tat java.base/java.lang.reflect.Method.invoke(Method.java:580)\r\n\tat org.testng.internal.invokers.MethodInvocationHelper.invokeMethod(MethodInvocationHelper.java:141)\r\n\tat org.testng.internal.invokers.TestInvoker.invokeMethod(TestInvoker.java:686)\r\n\tat org.testng.internal.invokers.TestInvoker.invokeTestMethod(TestInvoker.java:230)\r\n\tat org.testng.internal.invokers.MethodRunner.runInSequence(MethodRunner.java:63)\r\n\tat org.testng.internal.invokers.TestInvoker$MethodInvocationAgent.invoke(TestInvoker.java:992)\r\n\tat org.testng.internal.invokers.TestInvoker.invokeTestMethods(TestInvoker.java:203)\r\n\tat org.testng.internal.invokers.TestMethodWorker.invokeTestMethods(TestMethodWorker.java:154)\r\n\tat org.testng.internal.invokers.TestMethodWorker.run(TestMethodWorker.java:134)\r\n\tat java.base/java.util.concurrent.Executors$RunnableAdapter.call(Executors.java:572)\r\n\tat java.base/java.util.concurrent.FutureTask.run(FutureTask.java:317)\r\n\tat org.testng.internal.thread.graph.TestNGFutureTask.run(TestNGFutureTask.java:22)\r\n\tat java.base/java.util.concurrent.ThreadPoolExecutor.runWorker(ThreadPoolExecutor.java:1144)\r\n\tat java.base/java.util.concurrent.ThreadPoolExecutor$Worker.run(ThreadPoolExecutor.java:642)\r\n\tat java.base/java.lang.Thread.run(Thread.java:1583)\r\n"},"stage":"finished","steps":[],"attachments":[],"parameters":[],"start":1723763347456,"stop":1723763357924}],"attachments":[],"parameters":[],"start":1723763345453,"stop":1723763357928}